make[1]: Nothing to be done for 'all-pch'.
make[1]: Leaving directory '/home/arno/omnetpp-5.4.1/my_project_workspace/inet/src'
11:51:19 **** Incremental Build of configuration gcc-release for project nesting ****
make MODE=release -j1 all 
cd src && make
make[1]: Entering directory '/home/arno/omnetpp-5.4.1/my_project_workspace/nesting/src'
make[1]: Nothing to be done for 'all'.
make[1]: Leaving directory '/home/arno/omnetpp-5.4.1/my_project_workspace/nesting/src'
cd simulations && make
make[1]: Entering directory '/home/arno/omnetpp-5.4.1/my_project_workspace/nesting/simulations'
make[1]: Nothing to be done for 'all'.
make[1]: Leaving directory '/home/arno/omnetpp-5.4.1/my_project_workspace/nesting/simulations'
11:51:36 **** Incremental Build of configuration release for project inet ****
make MODE=release -j1 all 
cd src && make
make[1]: Entering directory '/home/arno/omnetpp-5.4.1/my_project_workspace/inet/src'
*** COMPILING with:
clang++ -c -std=c++11 -O3 -DNDEBUG=1 -MMD -MP -MF .d  -fPIC  -Wno-deprecated-register -Wno-unused-function -fno-stack-protector -DHAVE_SWAPCONTEXT -DWITH_MPI -DXMLPARSER=libxml -DPREFER_QTENV -DWITH_QTENV -DWITH_PARSIM -DWITH_NETBUILDER -DWITH_OSG -DWITH_OSGEARTH -Wno-overloaded-virtual -include inet/common/precompiled_release.h  -DINET_EXPORT -I. -I/home/arno/omnetpp-5.4.1/include
*** LINKING with:
clang++ -shared -fPIC -o ../out/clang-release/src/libINET.so -Wl,--no-as-needed -Wl,--whole-archive  -Wl,--no-whole-archive -loppenvir -loppsim -ldl -lstdc++  -losg -losgText -losgDB -losgGA -losgViewer -losgUtil -lOpenThreads  -losgEarth -losgEarthUtil  -Wl,-rpath,/home/arno/omnetpp-5.4.1/lib -Wl,-rpath,/lib -Wl,-rpath,.  -L/home/arno/omnetpp-5.4.1/lib
Building...
make[1]: Nothing to be done for 'all-pch'.
make[1]: Leaving directory '/home/arno/omnetpp-5.4.1/my_project_workspace/inet/src'
11:52:03 **** Incremental Build of configuration gcc-release for project nesting2 ****
make MODE=release -j1 all 
cd src && make
make[1]: Entering directory '/home/arno/omnetpp-5.4.1/my_project_workspace/nesting2/src'
make[1]: Nothing to be done for 'all'.
make[1]: Leaving directory '/home/arno/omnetpp-5.4.1/my_project_workspace/nesting2/src'
cd simulations && make
make[1]: Entering directory '/home/arno/omnetpp-5.4.1/my_project_workspace/nesting2/simulations'
make[1]: Nothing to be done for 'all'.
make[1]: Leaving directory '/home/arno/omnetpp-5.4.1/my_project_workspace/nesting2/simulations'
11:57:20 **** Incremental Build of configuration release for project inet ****
make MODE=release -j1 all 
cd src && make
make[1]: Entering directory '/home/arno/omnetpp-5.4.1/my_project_workspace/inet/src'
*** COMPILING with:
clang++ -c -std=c++11 -O3 -DNDEBUG=1 -MMD -MP -MF .d  -fPIC  -Wno-deprecated-register -Wno-unused-function -fno-stack-protector -DHAVE_SWAPCONTEXT -DWITH_MPI -DXMLPARSER=libxml -DPREFER_QTENV -DWITH_QTENV -DWITH_PARSIM -DWITH_NETBUILDER -DWITH_OSG -DWITH_OSGEARTH -Wno-overloaded-virtual -include inet/common/precompiled_release.h  -DINET_EXPORT -I. -I/home/arno/omnetpp-5.4.1/include
*** LINKING with:
clang++ -shared -fPIC -o ../out/clang-release/src/libINET.so -Wl,--no-as-needed -Wl,--whole-archive  -Wl,--no-whole-archive -loppenvir -loppsim -ldl -lstdc++  -losg -losgText -losgDB -losgGA -losgViewer -losgUtil -lOpenThreads  -losgEarth -losgEarthUtil  -Wl,-rpath,/home/arno/omnetpp-5.4.1/lib -Wl,-rpath,/lib -Wl,-rpath,.  -L/home/arno/omnetpp-5.4.1/lib
Building...
make[1]: Nothing to be done for 'all-pch'.
make[1]: Leaving directory '/home/arno/omnetpp-5.4.1/my_project_workspace/inet/src'
11:57:27 **** Incremental Build of configuration gcc-release for project nesting2 ****
make MODE=release -j1 all 
cd src && make
make[1]: Entering directory '/home/arno/omnetpp-5.4.1/my_project_workspace/nesting2/src'
make[1]: Nothing to be done for 'all'.
make[1]: Leaving directory '/home/arno/omnetpp-5.4.1/my_project_workspace/nesting2/src'
cd simulations && make
make[1]: Entering directory '/home/arno/omnetpp-5.4.1/my_project_workspace/nesting2/simulations'
make[1]: Nothing to be done for 'all'.
make[1]: Leaving directory '/home/arno/omnetpp-5.4.1/my_project_workspace/nesting2/simulations'
12:42:22 **** Incremental Build of configuration release for project inet ****
make MODE=release -j1 all 
cd src && make
make[1]: Entering directory '/home/arno/omnetpp-5.4.1/my_project_workspace/inet/src'
*** COMPILING with:
clang++ -c -std=c++11 -O3 -DNDEBUG=1 -MMD -MP -MF .d  -fPIC  -Wno-deprecated-register -Wno-unused-function -fno-stack-protector -DHAVE_SWAPCONTEXT -DWITH_MPI -DXMLPARSER=libxml -DPREFER_QTENV -DWITH_QTENV -DWITH_PARSIM -DWITH_NETBUILDER -DWITH_OSG -DWITH_OSGEARTH -Wno-overloaded-virtual -include inet/common/precompiled_release.h  -DINET_EXPORT -I. -I/home/arno/omnetpp-5.4.1/include
*** LINKING with:
clang++ -shared -fPIC -o ../out/clang-release/src/libINET.so -Wl,--no-as-needed -Wl,--whole-archive  -Wl,--no-whole-archive -loppenvir -loppsim -ldl -lstdc++  -losg -losgText -losgDB -losgGA -losgViewer -losgUtil -lOpenThreads  -losgEarth -losgEarthUtil  -Wl,-rpath,/home/arno/omnetpp-5.4.1/lib -Wl,-rpath,/lib -Wl,-rpath,.  -L/home/arno/omnetpp-5.4.1/lib
Building...
make[1]: Nothing to be done for 'all-pch'.
make[1]: Leaving directory '/home/arno/omnetpp-5.4.1/my_project_workspace/inet/src'
12:42:29 **** Incremental Build of configuration gcc-release for project nesting2 ****
make MODE=release -j1 all 
cd src && make
make[1]: Entering directory '/home/arno/omnetpp-5.4.1/my_project_workspace/nesting2/src'
make[1]: Nothing to be done for 'all'.
make[1]: Leaving directory '/home/arno/omnetpp-5.4.1/my_project_workspace/nesting2/src'
cd simulations && make
make[1]: Entering directory '/home/arno/omnetpp-5.4.1/my_project_workspace/nesting2/simulations'
make[1]: Nothing to be done for 'all'.
make[1]: Leaving directory '/home/arno/omnetpp-5.4.1/my_project_workspace/nesting2/simulations'
12:43:33 **** Incremental Build of configuration release for project inet ****
make MODE=release -j1 all 
cd src && make
make[1]: Entering directory '/home/arno/omnetpp-5.4.1/my_project_workspace/inet/src'
*** COMPILING with:
clang++ -c -std=c++11 -O3 -DNDEBUG=1 -MMD -MP -MF .d  -fPIC  -Wno-deprecated-register -Wno-unused-function -fno-stack-protector -DHAVE_SWAPCONTEXT -DWITH_MPI -DXMLPARSER=libxml -DPREFER_QTENV -DWITH_QTENV -DWITH_PARSIM -DWITH_NETBUILDER -DWITH_OSG -DWITH_OSGEARTH -Wno-overloaded-virtual -include inet/common/precompiled_release.h  -DINET_EXPORT -I. -I/home/arno/omnetpp-5.4.1/include
*** LINKING with:
clang++ -shared -fPIC -o ../out/clang-release/src/libINET.so -Wl,--no-as-needed -Wl,--whole-archive  -Wl,--no-whole-archive -loppenvir -loppsim -ldl -lstdc++  -losg -losgText -losgDB -losgGA -losgViewer -losgUtil -lOpenThreads  -losgEarth -losgEarthUtil  -Wl,-rpath,/home/arno/omnetpp-5.4.1/lib -Wl,-rpath,/lib -Wl,-rpath,.  -L/home/arno/omnetpp-5.4.1/lib
Building...
make[1]: Nothing to be done for 'all-pch'.
make[1]: Leaving directory '/home/arno/omnetpp-5.4.1/my_project_workspace/inet/src'
12:43:39 **** Incremental Build of configuration gcc-release for project nesting2 ****
make MODE=release -j1 all 
cd src && make
make[1]: Entering directory '/home/arno/omnetpp-5.4.1/my_project_workspace/nesting2/src'
make[1]: Nothing to be done for 'all'.
make[1]: Leaving directory '/home/arno/omnetpp-5.4.1/my_project_workspace/nesting2/src'
cd simulations && make
make[1]: Entering directory '/home/arno/omnetpp-5.4.1/my_project_workspace/nesting2/simulations'
make[1]: Nothing to be done for 'all'.
make[1]: Leaving directory '/home/arno/omnetpp-5.4.1/my_project_workspace/nesting2/simulations'
